<?xml version="1.0" encoding="UTF-8"?>
<testng-results ignored="0" total="1" passed="1" failed="0" skipped="0">
  <reporter-output>
  </reporter-output>
  <suite started-at="2023-02-07T13:03:09 IST" name="Default suite" finished-at="2023-02-07T13:03:09 IST" duration-ms="32">
    <groups>
    </groups>
    <test started-at="2023-02-07T13:03:09 IST" name="Default test" finished-at="2023-02-07T13:03:09 IST" duration-ms="32">
      <class name="homeTest.ToSendAMailAndToVerifyTest">
        <test-method is-config="true" signature="bsConfig()[pri:0, instance:homeTest.ToSendAMailAndToVerifyTest@169e6180]" started-at="2023-02-07T13:03:09 IST" name="bsConfig" finished-at="2023-02-07T13:03:09 IST" duration-ms="5" status="PASS">
          <reporter-output>
          </reporter-output>
        </test-method> <!-- bsConfig -->
        <test-method is-config="true" signature="bcConfig()[pri:0, instance:homeTest.ToSendAMailAndToVerifyTest@169e6180]" started-at="2023-02-07T13:03:09 IST" name="bcConfig" finished-at="2023-02-07T13:03:09 IST" duration-ms="0" status="PASS">
          <reporter-output>
          </reporter-output>
        </test-method> <!-- bcConfig -->
        <test-method signature="sendAmailAndVerifyTest()[pri:0, instance:homeTest.ToSendAMailAndToVerifyTest@169e6180]" started-at="2023-02-07T13:03:09 IST" name="sendAmailAndVerifyTest" finished-at="2023-02-07T13:03:09 IST" duration-ms="5" status="PASS">
          <reporter-output>
          </reporter-output>
        </test-method> <!-- sendAmailAndVerifyTest -->
        <test-method is-config="true" signature="bmConfig()[pri:0, instance:homeTest.ToSendAMailAndToVerifyTest@169e6180]" started-at="2023-02-07T13:03:09 IST" name="bmConfig" finished-at="2023-02-07T13:03:09 IST" duration-ms="0" status="PASS">
          <reporter-output>
          </reporter-output>
        </test-method> <!-- bmConfig -->
        <test-method is-config="true" signature="amConfig()[pri:0, instance:homeTest.ToSendAMailAndToVerifyTest@169e6180]" started-at="2023-02-07T13:03:09 IST" name="amConfig" finished-at="2023-02-07T13:03:09 IST" duration-ms="0" status="PASS">
          <reporter-output>
          </reporter-output>
        </test-method> <!-- amConfig -->
        <test-method is-config="true" signature="acConfig()[pri:0, instance:homeTest.ToSendAMailAndToVerifyTest@169e6180]" started-at="2023-02-07T13:03:09 IST" name="acConfig" finished-at="2023-02-07T13:03:09 IST" duration-ms="0" status="PASS">
          <reporter-output>
          </reporter-output>
        </test-method> <!-- acConfig -->
        <test-method is-config="true" signature="asConfig()[pri:0, instance:homeTest.ToSendAMailAndToVerifyTest@169e6180]" started-at="2023-02-07T13:03:09 IST" name="asConfig" finished-at="2023-02-07T13:03:09 IST" duration-ms="0" status="PASS">
          <reporter-output>
          </reporter-output>
        </test-method> <!-- asConfig -->
      </class> <!-- homeTest.ToSendAMailAndToVerifyTest -->
    </test> <!-- Default test -->
  </suite> <!-- Default suite -->
</testng-results>
